mode: set
github.com\robarchibald\command\command.go:10.59,12.2 1 1
github.com\robarchibald\command\command.go:19.32,21.2 1 1
github.com\robarchibald\command\command.go:23.34,25.2 1 1
github.com\robarchibald\command\command.go:27.53,29.2 1 0
github.com\robarchibald\command\command.go:31.45,33.2 1 0
github.com\robarchibald\command\command.go:35.47,37.2 1 0
github.com\robarchibald\command\command.go:39.50,41.2 1 1
github.com\robarchibald\command\command.go:43.48,45.2 1 1
github.com\robarchibald\command\command.go:47.56,49.2 1 0
github.com\robarchibald\command\command.go:51.56,53.2 1 1
github.com\robarchibald\command\command.go:55.33,57.2 1 1
github.com\robarchibald\command\main.go:30.34,32.2 1 0
github.com\robarchibald\command\main.go:35.16,37.2 1 1
github.com\robarchibald\command\main.go:40.46,49.34 9 1
github.com\robarchibald\command\main.go:52.2,52.41 1 1
github.com\robarchibald\command\main.go:55.2,55.12 1 1
github.com\robarchibald\command\main.go:49.34,51.3 1 1
github.com\robarchibald\command\main.go:52.41,54.3 1 0
github.com\robarchibald\command\main.go:59.48,61.2 1 1
github.com\robarchibald\command\mockCommand.go:14.63,33.2 18 0
github.com\robarchibald\command\mockCommand.go:57.36,59.2 1 0
github.com\robarchibald\command\mockCommand.go:62.38,64.2 1 0
github.com\robarchibald\command\mockCommand.go:67.57,69.2 1 0
github.com\robarchibald\command\mockCommand.go:72.49,74.2 1 0
github.com\robarchibald\command\mockCommand.go:77.51,79.2 1 0
github.com\robarchibald\command\mockCommand.go:82.47,84.2 1 0
github.com\robarchibald\command\mockCommand.go:87.54,89.2 1 0
github.com\robarchibald\command\mockCommand.go:92.52,94.2 1 0
github.com\robarchibald\command\mockCommand.go:97.60,99.2 1 0
github.com\robarchibald\command\mockCommand.go:102.60,104.2 1 0
github.com\robarchibald\command\mockCommand.go:107.37,109.2 1 0
